TN:
SF:src/modules/audit/audit.controller.ts
FN:5,listAuditLogs
FNF:1
FNH:0
FNDA:0,listAuditLogs
DA:2,0
DA:3,0
DA:5,0
DA:6,0
DA:15,0
DA:16,0
LF:6
LH:0
BRF:0
BRH:0
end_of_record
TN:
SF:src/modules/audit/audit.service.ts
FN:24,writeAuditLog
FN:41,listAuditLogs
FNF:2
FNH:2
FNDA:22,writeAuditLog
FNDA:5,listAuditLogs
DA:2,2
DA:3,2
DA:4,2
DA:24,2
DA:25,22
DA:26,22
DA:37,1
DA:41,2
DA:42,5
DA:44,5
DA:55,5
DA:60,5
LF:12
LH:12
BRDA:45,0,0,5
BRDA:45,0,1,1
BRDA:46,1,0,5
BRDA:46,1,1,1
BRDA:47,2,0,5
BRDA:47,2,1,4
BRDA:47,2,2,1
BRDA:49,3,0,1
BRDA:49,3,1,0
BRDA:50,4,0,1
BRDA:50,4,1,0
BRF:11
BRH:9
end_of_record
TN:
SF:src/modules/auth/auth.controller.ts
FN:7,register
FN:16,login
FNF:2
FNH:0
FNDA:0,register
FNDA:0,login
DA:2,0
DA:3,0
DA:4,0
DA:5,0
DA:7,0
DA:8,0
DA:9,0
DA:10,0
DA:12,0
DA:13,0
DA:16,0
DA:17,0
DA:18,0
DA:19,0
DA:21,0
DA:22,0
LF:16
LH:0
BRDA:9,0,0,0
BRDA:18,1,0,0
BRF:2
BRH:0
end_of_record
TN:
SF:src/modules/auth/auth.service.ts
FN:19,toSafeUser
FN:23,signToken
FN:31,registerUser
FN:53,loginUser
FNF:4
FNH:4
FNDA:24,toSafeUser
FNDA:24,signToken
FNDA:25,registerUser
FNDA:3,loginUser
DA:1,2
DA:2,2
DA:3,2
DA:4,2
DA:5,2
DA:8,2
DA:20,24
DA:24,24
DA:31,2
DA:32,25
DA:33,25
DA:34,2
DA:37,23
DA:39,23
DA:49,23
DA:50,23
DA:53,2
DA:54,3
DA:59,3
DA:60,1
DA:63,2
DA:64,2
DA:65,1
DA:68,1
DA:69,1
DA:70,1
LF:26
LH:26
BRDA:33,0,0,2
BRDA:59,1,0,1
BRDA:64,2,0,1
BRF:3
BRH:3
end_of_record
TN:
SF:src/modules/dashboard/dashboard.controller.ts
FN:5,getSummary
FN:10,getCategoryBreakdown
FN:15,getMonthlyTrends
FN:20,getRecentActivity
FNF:4
FNH:0
FNDA:0,getSummary
FNDA:0,getCategoryBreakdown
FNDA:0,getMonthlyTrends
FNDA:0,getRecentActivity
DA:2,0
DA:3,0
DA:5,0
DA:6,0
DA:7,0
DA:10,0
DA:11,0
DA:12,0
DA:15,0
DA:16,0
DA:17,0
DA:20,0
DA:21,0
DA:22,0
LF:14
LH:0
BRF:0
BRH:0
end_of_record
TN:
SF:src/modules/dashboard/dashboard.service.ts
FN:25,withCache
FN:44,getSummary
FN:45,(anonymous_3)
FN:71,getCategoryBreakdown
FN:72,(anonymous_5)
FN:93,getMonthlyTrends
FN:94,(anonymous_7)
FN:107,(anonymous_8)
FN:115,getRecentActivity
FN:116,(anonymous_10)
FNF:10
FNH:10
FNDA:52,withCache
FNDA:44,getSummary
FNDA:43,(anonymous_3)
FNDA:3,getCategoryBreakdown
FNDA:2,(anonymous_5)
FNDA:3,getMonthlyTrends
FNDA:2,(anonymous_7)
FNDA:3,(anonymous_8)
FNDA:2,getRecentActivity
FNDA:1,(anonymous_10)
DA:1,3
DA:2,3
DA:3,3
DA:4,3
DA:6,3
DA:26,52
DA:27,52
DA:28,52
DA:30,0
DA:33,48
DA:35,48
DA:36,48
DA:38,0
DA:41,48
DA:44,3
DA:45,44
DA:46,43
DA:52,43
DA:53,43
DA:55,43
DA:56,76
DA:57,76
DA:58,40
DA:61,43
DA:63,43
DA:71,3
DA:72,3
DA:73,2
DA:79,2
DA:80,2
DA:81,3
DA:83,2
DA:93,3
DA:94,3
DA:95,2
DA:107,3
DA:115,3
DA:116,2
DA:117,1
LF:39
LH:37
BRDA:28,0,0,4
BRDA:56,1,0,76
BRDA:56,1,1,0
BRDA:57,2,0,36
BRDA:57,2,1,40
BRDA:58,3,0,40
BRDA:81,4,0,3
BRDA:81,4,1,0
BRF:8
BRH:6
end_of_record
TN:
SF:src/modules/records/records.controller.ts
FN:7,createRecord
FN:14,listRecords
FN:21,getRecordById
FN:26,updateRecord
FN:33,deleteRecord
FNF:5
FNH:0
FNDA:0,createRecord
FNDA:0,listRecords
FNDA:0,getRecordById
FNDA:0,updateRecord
FNDA:0,deleteRecord
DA:2,0
DA:3,0
DA:4,0
DA:5,0
DA:7,0
DA:8,0
DA:9,0
DA:10,0
DA:11,0
DA:14,0
DA:15,0
DA:16,0
DA:17,0
DA:18,0
DA:21,0
DA:22,0
DA:23,0
DA:26,0
DA:27,0
DA:28,0
DA:29,0
DA:30,0
DA:33,0
DA:34,0
DA:35,0
LF:25
LH:0
BRDA:9,0,0,0
BRDA:16,1,0,0
BRDA:28,2,0,0
BRF:3
BRH:0
end_of_record
TN:
SF:src/modules/records/records.service.ts
FN:19,invalidateDashboardCache
FN:20,(anonymous_11)
FN:23,parseSortParam
FN:32,createRecord
FN:46,(anonymous_14)
FN:54,(anonymous_15)
FN:60,listRecords
FN:104,getRecordById
FN:110,updateRecord
FN:127,(anonymous_19)
FN:135,(anonymous_20)
FN:141,softDeleteRecord
FN:149,(anonymous_22)
FN:157,(anonymous_23)
FNF:14
FNH:8
FNDA:47,invalidateDashboardCache
FNDA:188,(anonymous_11)
FNDA:107,parseSortParam
FNDA:23,createRecord
FNDA:0,(anonymous_14)
FNDA:0,(anonymous_15)
FNDA:107,listRecords
FNDA:68,getRecordById
FNDA:3,updateRecord
FNDA:0,(anonymous_19)
FNDA:0,(anonymous_20)
FNDA:23,softDeleteRecord
FNDA:0,(anonymous_22)
FNDA:0,(anonymous_23)
DA:2,4
DA:3,4
DA:4,4
DA:5,4
DA:6,4
DA:7,4
DA:8,4
DA:10,4
DA:12,4
DA:20,188
DA:24,107
DA:25,1
DA:26,1
DA:27,1
DA:29,0
DA:32,4
DA:33,23
DA:44,23
DA:46,23
DA:47,0
DA:54,0
DA:57,23
DA:60,4
DA:61,107
DA:62,107
DA:64,106
DA:74,106
DA:83,106
DA:91,106
DA:101,106
DA:104,4
DA:105,68
DA:106,68
DA:107,45
DA:110,4
DA:111,3
DA:113,2
DA:114,2
DA:115,2
DA:116,2
DA:117,2
DA:118,2
DA:120,2
DA:125,2
DA:127,2
DA:128,0
DA:135,0
DA:138,2
DA:141,4
DA:142,23
DA:144,22
DA:145,22
DA:147,22
DA:149,22
DA:150,0
DA:157,0
LF:56
LH:49
BRDA:24,0,0,106
BRDA:26,1,0,1
BRDA:29,2,0,0
BRDA:29,2,1,0
BRDA:64,3,0,1
BRDA:64,3,1,105
BRDA:74,4,0,21
BRDA:74,4,1,85
BRDA:74,5,0,106
BRDA:74,5,1,85
BRDA:77,6,0,21
BRDA:77,6,1,0
BRDA:78,7,0,21
BRDA:78,7,1,0
BRDA:85,8,0,106
BRDA:85,8,1,41
BRDA:86,9,0,106
BRDA:86,9,1,41
BRDA:106,10,0,23
BRDA:114,11,0,0
BRDA:115,12,0,0
BRDA:116,13,0,2
BRDA:117,14,0,0
BRDA:118,15,0,0
BRF:24
BRH:16
end_of_record
TN:
SF:src/modules/users/users.controller.ts
FN:7,createUser
FN:14,listUsers
FN:21,getUserById
FN:26,updateUser
FN:33,deleteUser
FN:38,updateUserStatus
FNF:6
FNH:0
FNDA:0,createUser
FNDA:0,listUsers
FNDA:0,getUserById
FNDA:0,updateUser
FNDA:0,deleteUser
FNDA:0,updateUserStatus
DA:2,0
DA:3,0
DA:4,0
DA:5,0
DA:7,0
DA:8,0
DA:9,0
DA:10,0
DA:11,0
DA:14,0
DA:15,0
DA:16,0
DA:17,0
DA:18,0
DA:21,0
DA:22,0
DA:23,0
DA:26,0
DA:27,0
DA:28,0
DA:29,0
DA:30,0
DA:33,0
DA:34,0
DA:35,0
DA:38,0
DA:39,0
DA:40,0
DA:41,0
DA:42,0
LF:30
LH:0
BRDA:9,0,0,0
BRDA:16,1,0,0
BRDA:28,2,0,0
BRDA:40,3,0,0
BRF:4
BRH:0
end_of_record
TN:
SF:src/modules/users/users.service.ts
FN:15,parseSortParam
FN:24,createUser
FN:35,listUsers
FN:63,getUserById
FN:69,updateUser
FN:84,softDeleteUser
FN:89,updateUserStatus
FNF:7
FNH:6
FNDA:3,parseSortParam
FNDA:2,createUser
FNDA:3,listUsers
FNDA:6,getUserById
FNDA:0,updateUser
FNDA:2,softDeleteUser
FNDA:2,updateUserStatus
DA:1,1
DA:3,1
DA:4,1
DA:5,1
DA:7,1
DA:9,1
DA:11,1
DA:16,3
DA:17,1
DA:18,1
DA:19,1
DA:21,0
DA:24,1
DA:25,2
DA:26,2
DA:28,1
DA:29,1
DA:35,1
DA:36,3
DA:37,3
DA:39,2
DA:48,2
DA:55,2
DA:60,2
DA:63,1
DA:64,6
DA:65,6
DA:66,4
DA:69,1
DA:70,0
DA:72,0
DA:73,0
DA:74,0
DA:77,0
DA:84,1
DA:85,2
DA:86,1
DA:89,1
DA:90,2
DA:91,2
LF:40
LH:34
BRDA:16,0,0,2
BRDA:18,1,0,1
BRDA:21,2,0,0
BRDA:21,2,1,0
BRDA:26,3,0,1
BRDA:39,4,0,0
BRDA:39,4,1,2
BRDA:50,5,0,2
BRDA:50,5,1,0
BRDA:51,6,0,2
BRDA:51,6,1,0
BRDA:65,7,0,2
BRDA:72,8,0,0
BRDA:74,9,0,0
BRF:14
BRH:7
end_of_record
