TN:
SF:src/modules/auth/auth.controller.ts
FN:7,register
FN:16,login
FNF:2
FNH:0
FNDA:0,register
FNDA:0,login
DA:2,0
DA:3,0
DA:4,0
DA:5,0
DA:7,0
DA:8,0
DA:9,0
DA:10,0
DA:12,0
DA:13,0
DA:16,0
DA:17,0
DA:18,0
DA:19,0
DA:21,0
DA:22,0
LF:16
LH:0
BRDA:9,0,0,0
BRDA:18,1,0,0
BRF:2
BRH:0
end_of_record
TN:
SF:src/modules/auth/auth.service.ts
FN:19,toSafeUser
FN:23,signToken
FN:31,registerUser
FN:53,loginUser
FNF:4
FNH:4
FNDA:24,toSafeUser
FNDA:24,signToken
FNDA:25,registerUser
FNDA:3,loginUser
DA:1,2
DA:2,2
DA:3,2
DA:4,2
DA:5,2
DA:8,2
DA:20,24
DA:24,24
DA:31,2
DA:32,25
DA:33,25
DA:34,2
DA:37,23
DA:39,23
DA:49,23
DA:50,23
DA:53,2
DA:54,3
DA:59,3
DA:60,1
DA:63,2
DA:64,2
DA:65,1
DA:68,1
DA:69,1
DA:70,1
LF:26
LH:26
BRDA:33,0,0,2
BRDA:59,1,0,1
BRDA:64,2,0,1
BRF:3
BRH:3
end_of_record
